<?xml version="1.0" encoding="UTF-8"?>
<!-- Generated by org.testng.reporters.JUnitReportReporter -->
<testsuite skipped="0" hostname="VAIO" name="tests.FirstTest" tests="1" failures="0" timestamp="31 Mar 2020 15:00:43 GMT" time="21.003" errors="0">
  <testcase name="executeTest" time="21.003" classname="tests.FirstTest"/>
</testsuite> <!-- tests.FirstTest -->
